<?xml version="1.0" encoding="UTF-8"?>
<testsuite xmlns:xsi="http://www.w3.org/2001/XMLSchema-instance" xsi:noNamespaceSchemaLocation="https://maven.apache.org/surefire/maven-failsafe-plugin/xsd/failsafe-test-report-3.0.xsd" version="3.0" name="com.testrunner.MytestRunner2" time="73.304" tests="0" errors="0" skipped="0" failures="0">
  <properties>
    <property name="sun.desktop" value="windows"/>
    <property name="awt.toolkit" value="sun.awt.windows.WToolkit"/>
    <property name="file.encoding.pkg" value="sun.io"/>
    <property name="java.specification.version" value="1.8"/>
    <property name="sun.cpu.isalist" value="amd64"/>
    <property name="sun.jnu.encoding" value="Cp1252"/>
    <property name="java.class.path" value="F:\Cucumber6Series\CucumberPOMDesign\target\test-classes;F:\Cucumber6Series\CucumberPOMDesign\target\CucumberPOMDesign-0.0.1-SNAPSHOT.jar;E:\MavenRepository\io\cucumber\cucumber-java\6.9.0\cucumber-java-6.9.0.jar;E:\MavenRepository\io\cucumber\cucumber-core\6.9.0\cucumber-core-6.9.0.jar;E:\MavenRepository\io\cucumber\cucumber-gherkin\6.9.0\cucumber-gherkin-6.9.0.jar;E:\MavenRepository\io\cucumber\cucumber-gherkin-messages\6.9.0\cucumber-gherkin-messages-6.9.0.jar;E:\MavenRepository\io\cucumber\messages\13.2.0\messages-13.2.0.jar;E:\MavenRepository\io\cucumber\tag-expressions\3.0.0\tag-expressions-3.0.0.jar;E:\MavenRepository\io\cucumber\cucumber-expressions\10.3.0\cucumber-expressions-10.3.0.jar;E:\MavenRepository\io\cucumber\datatable\3.5.0\datatable-3.5.0.jar;E:\MavenRepository\io\cucumber\cucumber-plugin\6.9.0\cucumber-plugin-6.9.0.jar;E:\MavenRepository\io\cucumber\docstring\6.9.0\docstring-6.9.0.jar;E:\MavenRepository\io\cucumber\html-formatter\9.0.0\html-formatter-9.0.0.jar;E:\MavenRepository\io\cucumber\create-meta\2.0.4\create-meta-2.0.4.jar;E:\MavenRepository\org\apiguardian\apiguardian-api\1.1.0\apiguardian-api-1.1.0.jar;E:\MavenRepository\io\cucumber\cucumber-junit\6.9.0\cucumber-junit-6.9.0.jar;E:\MavenRepository\junit\junit\4.13.1\junit-4.13.1.jar;E:\MavenRepository\org\hamcrest\hamcrest-core\1.3\hamcrest-core-1.3.jar;E:\MavenRepository\org\seleniumhq\selenium\selenium-java\3.141.59\selenium-java-3.141.59.jar;E:\MavenRepository\org\seleniumhq\selenium\selenium-api\3.141.59\selenium-api-3.141.59.jar;E:\MavenRepository\org\seleniumhq\selenium\selenium-chrome-driver\3.141.59\selenium-chrome-driver-3.141.59.jar;E:\MavenRepository\org\seleniumhq\selenium\selenium-edge-driver\3.141.59\selenium-edge-driver-3.141.59.jar;E:\MavenRepository\org\seleniumhq\selenium\selenium-firefox-driver\3.141.59\selenium-firefox-driver-3.141.59.jar;E:\MavenRepository\org\seleniumhq\selenium\selenium-ie-driver\3.141.59\selenium-ie-driver-3.141.59.jar;E:\MavenRepository\org\seleniumhq\selenium\selenium-opera-driver\3.141.59\selenium-opera-driver-3.141.59.jar;E:\MavenRepository\org\seleniumhq\selenium\selenium-remote-driver\3.141.59\selenium-remote-driver-3.141.59.jar;E:\MavenRepository\org\seleniumhq\selenium\selenium-safari-driver\3.141.59\selenium-safari-driver-3.141.59.jar;E:\MavenRepository\org\seleniumhq\selenium\selenium-support\3.141.59\selenium-support-3.141.59.jar;E:\MavenRepository\net\bytebuddy\byte-buddy\1.8.15\byte-buddy-1.8.15.jar;E:\MavenRepository\org\apache\commons\commons-exec\1.3\commons-exec-1.3.jar;E:\MavenRepository\com\google\guava\guava\25.0-jre\guava-25.0-jre.jar;E:\MavenRepository\com\google\code\findbugs\jsr305\1.3.9\jsr305-1.3.9.jar;E:\MavenRepository\org\checkerframework\checker-compat-qual\2.0.0\checker-compat-qual-2.0.0.jar;E:\MavenRepository\com\google\errorprone\error_prone_annotations\2.1.3\error_prone_annotations-2.1.3.jar;E:\MavenRepository\com\google\j2objc\j2objc-annotations\1.1\j2objc-annotations-1.1.jar;E:\MavenRepository\org\codehaus\mojo\animal-sniffer-annotations\1.14\animal-sniffer-annotations-1.14.jar;E:\MavenRepository\com\squareup\okhttp3\okhttp\3.11.0\okhttp-3.11.0.jar;E:\MavenRepository\com\squareup\okio\okio\1.14.0\okio-1.14.0.jar;E:\MavenRepository\io\github\bonigarcia\webdrivermanager\4.2.2\webdrivermanager-4.2.2.jar;E:\MavenRepository\org\slf4j\slf4j-api\1.7.30\slf4j-api-1.7.30.jar;E:\MavenRepository\commons-io\commons-io\2.8.0\commons-io-2.8.0.jar;E:\MavenRepository\com\google\code\gson\gson\2.8.6\gson-2.8.6.jar;E:\MavenRepository\org\apache\commons\commons-lang3\3.11\commons-lang3-3.11.jar;E:\MavenRepository\org\apache\httpcomponents\client5\httpclient5\5.0.1\httpclient5-5.0.1.jar;E:\MavenRepository\org\apache\httpcomponents\core5\httpcore5\5.0.1\httpcore5-5.0.1.jar;E:\MavenRepository\org\apache\httpcomponents\core5\httpcore5-h2\5.0.1\httpcore5-h2-5.0.1.jar;E:\MavenRepository\org\rauschig\jarchivelib\1.1.0\jarchivelib-1.1.0.jar;E:\MavenRepository\org\jsoup\jsoup\1.13.1\jsoup-1.13.1.jar;E:\MavenRepository\tech\grasshopper\extentreports-cucumber6-adapter\2.6.0\extentreports-cucumber6-adapter-2.6.0.jar;E:\MavenRepository\com\aventstack\extentreports\5.0.5\extentreports-5.0.5.jar;E:\MavenRepository\io\reactivex\rxjava3\rxjava\3.0.4\rxjava-3.0.4.jar;E:\MavenRepository\org\reactivestreams\reactive-streams\1.0.3\reactive-streams-1.0.3.jar;E:\MavenRepository\org\freemarker\freemarker\2.3.30\freemarker-2.3.30.jar;E:\MavenRepository\org\projectlombok\lombok\1.18.12\lombok-1.18.12.jar;E:\MavenRepository\tech\grasshopper\extent-pdf-report\1.5.0\extent-pdf-report-1.5.0.jar;E:\MavenRepository\tech\grasshopper\cucumber-pdf-report\1.7.0\cucumber-pdf-report-1.7.0.jar;E:\MavenRepository\org\apache\pdfbox\pdfbox\2.0.21\pdfbox-2.0.21.jar;E:\MavenRepository\org\apache\pdfbox\fontbox\2.0.21\fontbox-2.0.21.jar;E:\MavenRepository\org\knowm\xchart\xchart\3.6.5\xchart-3.6.5.jar;E:\MavenRepository\de\erichseifert\vectorgraphics2d\VectorGraphics2D\0.13\VectorGraphics2D-0.13.jar;E:\MavenRepository\de\rototor\pdfbox\graphics2d\0.27\graphics2d-0.27.jar;E:\MavenRepository\com\madgag\animated-gif-lib\1.4\animated-gif-lib-1.4.jar;E:\MavenRepository\com\github\vandeseer\easytable\0.7.1\easytable-0.7.1.jar;E:\MavenRepository\com\github\ralfstuckert\pdfbox-layout\pdfbox2-layout\1.0.0\pdfbox2-layout-1.0.0.jar;E:\MavenRepository\org\yaml\snakeyaml\1.27\snakeyaml-1.27.jar;E:\MavenRepository\com\aventstack\klov-reporter\5.0.5\klov-reporter-5.0.5.jar;E:\MavenRepository\org\mongodb\bson\3.6.4\bson-3.6.4.jar;E:\MavenRepository\org\apache\httpcomponents\httpclient\4.5.2\httpclient-4.5.2.jar;E:\MavenRepository\org\apache\httpcomponents\httpcore\4.4.4\httpcore-4.4.4.jar;E:\MavenRepository\commons-logging\commons-logging\1.2\commons-logging-1.2.jar;E:\MavenRepository\org\apache\httpcomponents\httpmime\4.5.2\httpmime-4.5.2.jar;E:\MavenRepository\org\mongodb\mongodb-driver\3.3.0\mongodb-driver-3.3.0.jar;E:\MavenRepository\org\mongodb\mongodb-driver-core\3.3.0\mongodb-driver-core-3.3.0.jar;E:\MavenRepository\org\testng\testng\6.14.3\testng-6.14.3.jar;E:\MavenRepository\com\beust\jcommander\1.72\jcommander-1.72.jar;E:\MavenRepository\org\apache-extras\beanshell\bsh\2.0b6\bsh-2.0b6.jar;E:\MavenRepository\io\cucumber\cucumber-testng\6.9.0\cucumber-testng-6.9.0.jar;E:\MavenRepository\org\apache\poi\poi\4.1.2\poi-4.1.2.jar;E:\MavenRepository\commons-codec\commons-codec\1.13\commons-codec-1.13.jar;E:\MavenRepository\org\apache\commons\commons-collections4\4.4\commons-collections4-4.4.jar;E:\MavenRepository\org\apache\commons\commons-math3\3.6.1\commons-math3-3.6.1.jar;E:\MavenRepository\com\zaxxer\SparseBitSet\1.2\SparseBitSet-1.2.jar;E:\MavenRepository\org\apache\poi\poi-ooxml\4.1.2\poi-ooxml-4.1.2.jar;E:\MavenRepository\org\apache\poi\poi-ooxml-schemas\4.1.2\poi-ooxml-schemas-4.1.2.jar;E:\MavenRepository\org\apache\xmlbeans\xmlbeans\3.1.0\xmlbeans-3.1.0.jar;E:\MavenRepository\org\apache\commons\commons-compress\1.19\commons-compress-1.19.jar;E:\MavenRepository\com\github\virtuald\curvesapi\1.06\curvesapi-1.06.jar;"/>
    <property name="java.vm.vendor" value="Oracle Corporation"/>
    <property name="sun.arch.data.model" value="64"/>
    <property name="user.variant" value=""/>
    <property name="java.vendor.url" value="http://java.oracle.com/"/>
    <property name="user.timezone" value="Australia/Sydney"/>
    <property name="java.vm.specification.version" value="1.8"/>
    <property name="os.name" value="Windows 10"/>
    <property name="user.country" value="IN"/>
    <property name="sun.java.launcher" value="SUN_STANDARD"/>
    <property name="sun.boot.library.path" value="C:\Program Files\Java\jdk1.8.0_201\jre\bin"/>
    <property name="sun.java.command" value="C:\Users\ACER\AppData\Local\Temp\surefire965115448761717451\surefirebooter5291192352752952412.jar C:\Users\ACER\AppData\Local\Temp\surefire965115448761717451 2021-01-31T23-19-46_634-jvmRun1 surefire3117406243699147780tmp surefire_05935057267197944105tmp"/>
    <property name="surefire.test.class.path" value="F:\Cucumber6Series\CucumberPOMDesign\target\test-classes;F:\Cucumber6Series\CucumberPOMDesign\target\CucumberPOMDesign-0.0.1-SNAPSHOT.jar;E:\MavenRepository\io\cucumber\cucumber-java\6.9.0\cucumber-java-6.9.0.jar;E:\MavenRepository\io\cucumber\cucumber-core\6.9.0\cucumber-core-6.9.0.jar;E:\MavenRepository\io\cucumber\cucumber-gherkin\6.9.0\cucumber-gherkin-6.9.0.jar;E:\MavenRepository\io\cucumber\cucumber-gherkin-messages\6.9.0\cucumber-gherkin-messages-6.9.0.jar;E:\MavenRepository\io\cucumber\messages\13.2.0\messages-13.2.0.jar;E:\MavenRepository\io\cucumber\tag-expressions\3.0.0\tag-expressions-3.0.0.jar;E:\MavenRepository\io\cucumber\cucumber-expressions\10.3.0\cucumber-expressions-10.3.0.jar;E:\MavenRepository\io\cucumber\datatable\3.5.0\datatable-3.5.0.jar;E:\MavenRepository\io\cucumber\cucumber-plugin\6.9.0\cucumber-plugin-6.9.0.jar;E:\MavenRepository\io\cucumber\docstring\6.9.0\docstring-6.9.0.jar;E:\MavenRepository\io\cucumber\html-formatter\9.0.0\html-formatter-9.0.0.jar;E:\MavenRepository\io\cucumber\create-meta\2.0.4\create-meta-2.0.4.jar;E:\MavenRepository\org\apiguardian\apiguardian-api\1.1.0\apiguardian-api-1.1.0.jar;E:\MavenRepository\io\cucumber\cucumber-junit\6.9.0\cucumber-junit-6.9.0.jar;E:\MavenRepository\junit\junit\4.13.1\junit-4.13.1.jar;E:\MavenRepository\org\hamcrest\hamcrest-core\1.3\hamcrest-core-1.3.jar;E:\MavenRepository\org\seleniumhq\selenium\selenium-java\3.141.59\selenium-java-3.141.59.jar;E:\MavenRepository\org\seleniumhq\selenium\selenium-api\3.141.59\selenium-api-3.141.59.jar;E:\MavenRepository\org\seleniumhq\selenium\selenium-chrome-driver\3.141.59\selenium-chrome-driver-3.141.59.jar;E:\MavenRepository\org\seleniumhq\selenium\selenium-edge-driver\3.141.59\selenium-edge-driver-3.141.59.jar;E:\MavenRepository\org\seleniumhq\selenium\selenium-firefox-driver\3.141.59\selenium-firefox-driver-3.141.59.jar;E:\MavenRepository\org\seleniumhq\selenium\selenium-ie-driver\3.141.59\selenium-ie-driver-3.141.59.jar;E:\MavenRepository\org\seleniumhq\selenium\selenium-opera-driver\3.141.59\selenium-opera-driver-3.141.59.jar;E:\MavenRepository\org\seleniumhq\selenium\selenium-remote-driver\3.141.59\selenium-remote-driver-3.141.59.jar;E:\MavenRepository\org\seleniumhq\selenium\selenium-safari-driver\3.141.59\selenium-safari-driver-3.141.59.jar;E:\MavenRepository\org\seleniumhq\selenium\selenium-support\3.141.59\selenium-support-3.141.59.jar;E:\MavenRepository\net\bytebuddy\byte-buddy\1.8.15\byte-buddy-1.8.15.jar;E:\MavenRepository\org\apache\commons\commons-exec\1.3\commons-exec-1.3.jar;E:\MavenRepository\com\google\guava\guava\25.0-jre\guava-25.0-jre.jar;E:\MavenRepository\com\google\code\findbugs\jsr305\1.3.9\jsr305-1.3.9.jar;E:\MavenRepository\org\checkerframework\checker-compat-qual\2.0.0\checker-compat-qual-2.0.0.jar;E:\MavenRepository\com\google\errorprone\error_prone_annotations\2.1.3\error_prone_annotations-2.1.3.jar;E:\MavenRepository\com\google\j2objc\j2objc-annotations\1.1\j2objc-annotations-1.1.jar;E:\MavenRepository\org\codehaus\mojo\animal-sniffer-annotations\1.14\animal-sniffer-annotations-1.14.jar;E:\MavenRepository\com\squareup\okhttp3\okhttp\3.11.0\okhttp-3.11.0.jar;E:\MavenRepository\com\squareup\okio\okio\1.14.0\okio-1.14.0.jar;E:\MavenRepository\io\github\bonigarcia\webdrivermanager\4.2.2\webdrivermanager-4.2.2.jar;E:\MavenRepository\org\slf4j\slf4j-api\1.7.30\slf4j-api-1.7.30.jar;E:\MavenRepository\commons-io\commons-io\2.8.0\commons-io-2.8.0.jar;E:\MavenRepository\com\google\code\gson\gson\2.8.6\gson-2.8.6.jar;E:\MavenRepository\org\apache\commons\commons-lang3\3.11\commons-lang3-3.11.jar;E:\MavenRepository\org\apache\httpcomponents\client5\httpclient5\5.0.1\httpclient5-5.0.1.jar;E:\MavenRepository\org\apache\httpcomponents\core5\httpcore5\5.0.1\httpcore5-5.0.1.jar;E:\MavenRepository\org\apache\httpcomponents\core5\httpcore5-h2\5.0.1\httpcore5-h2-5.0.1.jar;E:\MavenRepository\org\rauschig\jarchivelib\1.1.0\jarchivelib-1.1.0.jar;E:\MavenRepository\org\jsoup\jsoup\1.13.1\jsoup-1.13.1.jar;E:\MavenRepository\tech\grasshopper\extentreports-cucumber6-adapter\2.6.0\extentreports-cucumber6-adapter-2.6.0.jar;E:\MavenRepository\com\aventstack\extentreports\5.0.5\extentreports-5.0.5.jar;E:\MavenRepository\io\reactivex\rxjava3\rxjava\3.0.4\rxjava-3.0.4.jar;E:\MavenRepository\org\reactivestreams\reactive-streams\1.0.3\reactive-streams-1.0.3.jar;E:\MavenRepository\org\freemarker\freemarker\2.3.30\freemarker-2.3.30.jar;E:\MavenRepository\org\projectlombok\lombok\1.18.12\lombok-1.18.12.jar;E:\MavenRepository\tech\grasshopper\extent-pdf-report\1.5.0\extent-pdf-report-1.5.0.jar;E:\MavenRepository\tech\grasshopper\cucumber-pdf-report\1.7.0\cucumber-pdf-report-1.7.0.jar;E:\MavenRepository\org\apache\pdfbox\pdfbox\2.0.21\pdfbox-2.0.21.jar;E:\MavenRepository\org\apache\pdfbox\fontbox\2.0.21\fontbox-2.0.21.jar;E:\MavenRepository\org\knowm\xchart\xchart\3.6.5\xchart-3.6.5.jar;E:\MavenRepository\de\erichseifert\vectorgraphics2d\VectorGraphics2D\0.13\VectorGraphics2D-0.13.jar;E:\MavenRepository\de\rototor\pdfbox\graphics2d\0.27\graphics2d-0.27.jar;E:\MavenRepository\com\madgag\animated-gif-lib\1.4\animated-gif-lib-1.4.jar;E:\MavenRepository\com\github\vandeseer\easytable\0.7.1\easytable-0.7.1.jar;E:\MavenRepository\com\github\ralfstuckert\pdfbox-layout\pdfbox2-layout\1.0.0\pdfbox2-layout-1.0.0.jar;E:\MavenRepository\org\yaml\snakeyaml\1.27\snakeyaml-1.27.jar;E:\MavenRepository\com\aventstack\klov-reporter\5.0.5\klov-reporter-5.0.5.jar;E:\MavenRepository\org\mongodb\bson\3.6.4\bson-3.6.4.jar;E:\MavenRepository\org\apache\httpcomponents\httpclient\4.5.2\httpclient-4.5.2.jar;E:\MavenRepository\org\apache\httpcomponents\httpcore\4.4.4\httpcore-4.4.4.jar;E:\MavenRepository\commons-logging\commons-logging\1.2\commons-logging-1.2.jar;E:\MavenRepository\org\apache\httpcomponents\httpmime\4.5.2\httpmime-4.5.2.jar;E:\MavenRepository\org\mongodb\mongodb-driver\3.3.0\mongodb-driver-3.3.0.jar;E:\MavenRepository\org\mongodb\mongodb-driver-core\3.3.0\mongodb-driver-core-3.3.0.jar;E:\MavenRepository\org\testng\testng\6.14.3\testng-6.14.3.jar;E:\MavenRepository\com\beust\jcommander\1.72\jcommander-1.72.jar;E:\MavenRepository\org\apache-extras\beanshell\bsh\2.0b6\bsh-2.0b6.jar;E:\MavenRepository\io\cucumber\cucumber-testng\6.9.0\cucumber-testng-6.9.0.jar;E:\MavenRepository\org\apache\poi\poi\4.1.2\poi-4.1.2.jar;E:\MavenRepository\commons-codec\commons-codec\1.13\commons-codec-1.13.jar;E:\MavenRepository\org\apache\commons\commons-collections4\4.4\commons-collections4-4.4.jar;E:\MavenRepository\org\apache\commons\commons-math3\3.6.1\commons-math3-3.6.1.jar;E:\MavenRepository\com\zaxxer\SparseBitSet\1.2\SparseBitSet-1.2.jar;E:\MavenRepository\org\apache\poi\poi-ooxml\4.1.2\poi-ooxml-4.1.2.jar;E:\MavenRepository\org\apache\poi\poi-ooxml-schemas\4.1.2\poi-ooxml-schemas-4.1.2.jar;E:\MavenRepository\org\apache\xmlbeans\xmlbeans\3.1.0\xmlbeans-3.1.0.jar;E:\MavenRepository\org\apache\commons\commons-compress\1.19\commons-compress-1.19.jar;E:\MavenRepository\com\github\virtuald\curvesapi\1.06\curvesapi-1.06.jar;"/>
    <property name="sun.cpu.endian" value="little"/>
    <property name="user.home" value="C:\Users\ACER"/>
    <property name="user.language" value="en"/>
    <property name="java.specification.vendor" value="Oracle Corporation"/>
    <property name="java.home" value="C:\Program Files\Java\jdk1.8.0_201\jre"/>
    <property name="basedir" value="F:\Cucumber6Series\CucumberPOMDesign"/>
    <property name="file.separator" value="\"/>
    <property name="line.separator" value="&#10;"/>
    <property name="java.vm.specification.vendor" value="Oracle Corporation"/>
    <property name="java.specification.name" value="Java Platform API Specification"/>
    <property name="java.awt.graphicsenv" value="sun.awt.Win32GraphicsEnvironment"/>
    <property name="surefire.real.class.path" value="C:\Users\ACER\AppData\Local\Temp\surefire965115448761717451\surefirebooter5291192352752952412.jar"/>
    <property name="sun.boot.class.path" value="C:\Program Files\Java\jdk1.8.0_201\jre\lib\resources.jar;C:\Program Files\Java\jdk1.8.0_201\jre\lib\rt.jar;C:\Program Files\Java\jdk1.8.0_201\jre\lib\sunrsasign.jar;C:\Program Files\Java\jdk1.8.0_201\jre\lib\jsse.jar;C:\Program Files\Java\jdk1.8.0_201\jre\lib\jce.jar;C:\Program Files\Java\jdk1.8.0_201\jre\lib\charsets.jar;C:\Program Files\Java\jdk1.8.0_201\jre\lib\jfr.jar;C:\Program Files\Java\jdk1.8.0_201\jre\classes"/>
    <property name="user.script" value=""/>
    <property name="sun.management.compiler" value="HotSpot 64-Bit Tiered Compilers"/>
    <property name="java.runtime.version" value="1.8.0_201-b09"/>
    <property name="user.name" value="ACER"/>
    <property name="path.separator" value=";"/>
    <property name="os.version" value="10.0"/>
    <property name="java.endorsed.dirs" value="C:\Program Files\Java\jdk1.8.0_201\jre\lib\endorsed"/>
    <property name="java.runtime.name" value="Java(TM) SE Runtime Environment"/>
    <property name="file.encoding" value="Cp1252"/>
    <property name="java.vm.name" value="Java HotSpot(TM) 64-Bit Server VM"/>
    <property name="localRepository" value="E:\MavenRepository"/>
    <property name="java.vendor.url.bug" value="http://bugreport.sun.com/bugreport/"/>
    <property name="java.io.tmpdir" value="C:\Users\ACER\AppData\Local\Temp\"/>
    <property name="java.version" value="1.8.0_201"/>
    <property name="user.dir" value="F:\Cucumber6Series\CucumberPOMDesign"/>
    <property name="os.arch" value="amd64"/>
    <property name="java.vm.specification.name" value="Java Virtual Machine Specification"/>
    <property name="java.awt.printerjob" value="sun.awt.windows.WPrinterJob"/>
    <property name="sun.os.patch.level" value=""/>
    <property name="java.library.path" value="C:\Program Files\Java\jdk1.8.0_201\jre\bin;C:\WINDOWS\Sun\Java\bin;C:\WINDOWS\system32;C:\WINDOWS;C:\Users\ACER\bin;C:\Program Files\Git\mingw64\bin;C:\Program Files\Git\usr\local\bin;C:\Program Files\Git\usr\bin;C:\Program Files\Git\usr\bin;C:\Program Files\Git\mingw64\bin;C:\Program Files\Git\usr\bin;C:\Users\ACER\bin;C:\Program Files (x86)\Common Files\Oracle\Java\javapath;C:\Program Files\Java\jdk1.8.0_201\bin;C:\Program Files (x86)\Intel\iCLS Client;C:\Program Files\Intel\iCLS Client;C:\WINDOWS\system32;C:\WINDOWS;C:\WINDOWS\System32\Wbem;C:\WINDOWS\System32\WindowsPowerShell\v1.0;C:\Program Files (x86)\Intel\Intel(R) Management Engine Components\DAL;C:\Program Files\Intel\Intel(R) Management Engine Components\DAL;C:\Program Files (x86)\Intel\Intel(R) Management Engine Components\IPT;C:\Program Files\Intel\Intel(R) Management Engine Components\IPT;C:\Program Files\Java\jdk1.8.0_201\bin;C:\WINDOWS\System32\OpenSSH;C:\apache-maven-3.6.0\bin;C:\Program Files\gradle-5.3\bin;C:\Program Files\dotnet;C:\Program Files\Git\cmd;E:\jar_files_selenium\Mobile Automation_Appium\android-sdk\platform-tools;E:\jar_files_selenium\Mobile Automation_Appium\android-sdk\build-tools;E:\Maven_Files\apache-maven-3.6.0\bin;C:\Program Files\nodejs;C:\Users\ACER\AppData\Local\Programs\Python\Python38-32;C:\Users\ACER\AppData\Local\Programs\Python\Python38-32\Scripts;C:\Program Files\Microsoft SQL Server\Client SDK\ODBC\110\Tools\Binn;C:\Program Files (x86)\Microsoft SQL Server\120\Tools\Binn;C:\Program Files\Microsoft SQL Server\120\Tools\Binn;C:\Program Files\Microsoft SQL Server\120\DTS\Binn;C:\Program Files\Microsoft SQL Server\140\Tools\Binn;C:\Program Files\MySQL\MySQL Shell 8.0\bin;C:\Users\ACER\AppData\Local\Microsoft\WindowsApps;C:\Program Files\gradle-5.2.1\bin;C:\Program Files\Docker Toolbox;C:\Users\ACER\AppData\Local\Programs\Microsoft VS Code\bin;C:\Users\ACER\AppData\Roaming\npm;C:\Users\ACER\AppData\Local\GitHubDesktop\bin;%USERPROFILE%\AppData\Local\Microsoft\WindowsApps;C:\Program Files\Git\usr\bin\vendor_perl;C:\Program Files\Git\usr\bin\core_perl;."/>
    <property name="java.vm.info" value="mixed mode"/>
    <property name="java.vendor" value="Oracle Corporation"/>
    <property name="java.vm.version" value="25.201-b09"/>
    <property name="java.ext.dirs" value="C:\Program Files\Java\jdk1.8.0_201\jre\lib\ext;C:\WINDOWS\Sun\Java\lib\ext"/>
    <property name="sun.io.unicode.encoding" value="UnicodeLittle"/>
    <property name="java.class.version" value="52.0"/>
  </properties>
</testsuite>