<?xml version="1.0" encoding="UTF-8"?>
<!-- Generated by org.testng.reporters.JUnitReportReporter -->
<testsuite skipped="0" hostname="DESKTOP-E1E9EHH" name="seleniumcodingchallenge.Verify_Dropdown_options_unique" tests="2" failures="0" timestamp="10 Dec 2021 13:19:26 GMT" time="15.362" errors="0">
  <testcase name="launchBrowser" time="12.361" classname="seleniumcodingchallenge.Verify_Dropdown_options_unique"/>
  <testcase name="verify_unique_Dropdown" time="3.001" classname="seleniumcodingchallenge.Verify_Dropdown_options_unique"/>
</testsuite> <!-- seleniumcodingchallenge.Verify_Dropdown_options_unique -->
