<?xml version="1.0" encoding="UTF-8"?>
<!-- Generated by org.testng.reporters.JUnitReportReporter -->
<testsuite skipped="0" hostname="DESKTOP-E1E9EHH" name="javabasicprogramms.CompareTwoMaps" tests="1" failures="0" timestamp="12 Feb 2022 14:49:44 GMT" time="0.087" errors="0">
  <testcase name="compareTwoTables" time="0.087" classname="javabasicprogramms.CompareTwoMaps"/>
</testsuite> <!-- javabasicprogramms.CompareTwoMaps -->
