<?xml version="1.0" encoding="UTF-8"?>
<!-- Generated by org.testng.reporters.JUnitReportReporter -->
<testsuite skipped="0" hostname="DESKTOP-E1E9EHH" name="com.winappdriver.LaunchNotepadWindow" tests="3" failures="0" timestamp="12 Sep 2021 08:19:53 GMT" time="17.502" errors="0">
  <testcase name="checkHelpButton" time="2.896" classname="com.winappdriver.LaunchNotepadWindow"/>
  <testcase name="enterText" time="6.924" classname="com.winappdriver.LaunchNotepadWindow"/>
  <testcase name="EnterDateandTime" time="7.682" classname="com.winappdriver.LaunchNotepadWindow"/>
</testsuite> <!-- com.winappdriver.LaunchNotepadWindow -->
