<?xml version="1.0" encoding="UTF-8"?>
<!-- Generated by org.testng.reporters.JUnitReportReporter -->
<testsuite skipped="0" hostname="DESKTOP-E1E9EHH" name="seleniumcodingchallenge.CalendarHandling" tests="3" failures="0" timestamp="07 Jan 2022 06:55:42 GMT" time="31.972" errors="0">
  <testcase name="tripodeCalendarHandling" time="0.004" classname="seleniumcodingchallenge.CalendarHandling"/>
  <testcase name="tripodeCalendarHandling" time="31.726" classname="seleniumcodingchallenge.CalendarHandling"/>
  <testcase name="tripodeCalendarHandling" time="0.242" classname="seleniumcodingchallenge.CalendarHandling"/>
</testsuite> <!-- seleniumcodingchallenge.CalendarHandling -->
