<?xml version="1.0" encoding="UTF-8"?>
<!-- Generated by org.testng.reporters.JUnitReportReporter -->
<testsuite skipped="0" hostname="DESKTOP-E1E9EHH" name="selenium_CRUD.AddressTest" tests="1" failures="0" timestamp="09 Oct 2021 13:09:21 GMT" time="2.997" errors="0">
  <testcase name="getAddressTest" time="2.997" classname="selenium_CRUD.AddressTest"/>
</testsuite> <!-- selenium_CRUD.AddressTest -->
