<?xml version="1.0" encoding="UTF-8"?>
<!-- Generated by org.testng.reporters.JUnitReportReporter -->
<testsuite skipped="0" hostname="DESKTOP-E1E9EHH" name="seleniumcodingchallenge.Cascading_Dropdown_Verification" tests="2" failures="0" timestamp="10 Dec 2021 12:12:54 GMT" time="5.792" errors="0">
  <testcase name="launchBrowser" time="4.013" classname="seleniumcodingchallenge.Cascading_Dropdown_Verification"/>
  <testcase name="verify_Cascading_Dropdown" time="1.779" classname="seleniumcodingchallenge.Cascading_Dropdown_Verification"/>
</testsuite> <!-- seleniumcodingchallenge.Cascading_Dropdown_Verification -->
